<?xml version="1.0" encoding="UTF-8" ?>
<testsuite errors="0" failures="0" hostname="Hems" name="testFile.PhpTravelsTestCase" skipped="0" tests="1" time="69.689" timestamp="2018-07-16T23:35:56">
  <properties>
[...]
</properties>
  <testcase classname="testFile.PhpTravelsTestCase" name="enterFlightDataTest" time="69.501" />
  <system-out><![CDATA[]]></system-out>
  <system-err><![CDATA[Starting ChromeDriver 2.39.562718 (9a2698cba08cf5a471a29d30c8b3e12becabb0e9) on port 16399
Only local connections are allowed.
log4j:WARN No appenders could be found for logger (org.apache.http.client.protocol.RequestAddCookies).
log4j:WARN Please initialize the log4j system properly.
]]></system-err>
</testsuite>
